logging {
    channel "requetes" {
    file "/log/bind/queries.log" size 10m;
    print-time yes;
    print-category yes;
    };
category queries { "requetes"; };

    channel "securite" {
    file "/log/bind/securite.log" size 5m;
    print-category yes;
    print-severity yes;
    print-time yes;
    };
category security { "securite"; };

    channel "global" {
    file "/log/bind/global.log" size 5m;
    print-category yes;
    print-severity yes;
    print-time yes;
    };
category general { "global"; };

    channel "configuration" {
    file "/log/bind/config.log" size 5m;
    print-category yes;
    print-severity yes;
    print-time yes;
    };
category config { "configuration"; };

};